<?xml version="1.0" encoding="UTF-8"?>
<testsuite xmlns:xsi="http://www.w3.org/2001/XMLSchema-instance" xsi:noNamespaceSchemaLocation="https://maven.apache.org/surefire/maven-surefire-plugin/xsd/surefire-test-report-3.0.xsd" version="3.0" name="com.bluewhale.main.SpringBootAndDockerApplicationTests" time="3.648" tests="1" errors="0" skipped="0" failures="0">
  <properties>
[...]
</properties>
  <testcase name="contextLoads" classname="com.bluewhale.main.SpringBootAndDockerApplicationTests" time="1.202">
    <system-out><![CDATA[18:33:30.596 [main] INFO org.springframework.test.context.support.AnnotationConfigContextLoaderUtils -- Could not detect default configuration classes for test class [com.bluewhale.main.SpringBootAndDockerApplicationTests]: SpringBootAndDockerApplicationTests does not declare any static, non-private, non-final, nested classes annotated with @Configuration.
18:33:30.758 [main] INFO org.springframework.boot.test.context.SpringBootTestContextBootstrapper -- Found @SpringBootConfiguration com.bluewhale.main.SpringBootAndDockerApplication for test class com.bluewhale.main.SpringBootAndDockerApplicationTests

  .   ____          _            __ _ _
 /\\ / ___'_ __ _ _(_)_ __  __ _ \ \ \ \
( ( )\___ | '_ | '_| | '_ \/ _` | \ \ \ \
 \\/  ___)| |_)| | | | | || (_| |  ) ) ) )
  '  |____| .__|_| |_|_| |_\__, | / / / /
 =========|_|==============|___/=/_/_/_/
 :: Spring Boot ::                (v3.2.4)

2024-03-22T18:33:31.321+05:30  INFO 15276 --- [SpringBootAndDocker] [           main] .b.m.SpringBootAndDockerApplicationTests : Starting SpringBootAndDockerApplicationTests using Java 19.0.2 with PID 15276 (started by prasa in D:\Office\IntegrationWithJwt\SpringBootAndDocker)
2024-03-22T18:33:31.324+05:30  INFO 15276 --- [SpringBootAndDocker] [           main] .b.m.SpringBootAndDockerApplicationTests : No active profile set, falling back to 1 default profile: "default"
2024-03-22T18:33:32.784+05:30  INFO 15276 --- [SpringBootAndDocker] [           main] .b.m.SpringBootAndDockerApplicationTests : Started SpringBootAndDockerApplicationTests in 1.799 seconds (process running for 3.082)
]]></system-out>
  </testcase>
</testsuite>